CRITICAL - 2023-03-14 13:19:46 --> Call to undefined method CodeIgniter\HTTP\IncomingRequest::segment()
in APPPATH\Controllers\Board.php on line 25.
 1 SYSTEMPATH\CodeIgniter.php(934): App\Controllers\Board->view('1234')
 2 SYSTEMPATH\CodeIgniter.php(499): CodeIgniter\CodeIgniter->runController(Object(App\Controllers\Board))
 3 SYSTEMPATH\CodeIgniter.php(368): CodeIgniter\CodeIgniter->handleRequest(null, Object(Config\Cache), false)
 4 FCPATH\index.php(70): CodeIgniter\CodeIgniter->run()
CRITICAL - 2023-03-14 13:24:12 --> Call to a member function segment() on null
in APPPATH\Controllers\Board.php on line 26.
 1 SYSTEMPATH\CodeIgniter.php(934): App\Controllers\Board->view('1234')
 2 SYSTEMPATH\CodeIgniter.php(499): CodeIgniter\CodeIgniter->runController(Object(App\Controllers\Board))
 3 SYSTEMPATH\CodeIgniter.php(368): CodeIgniter\CodeIgniter->handleRequest(null, Object(Config\Cache), false)
 4 FCPATH\index.php(70): CodeIgniter\CodeIgniter->run()
CRITICAL - 2023-03-14 13:24:13 --> Call to a member function segment() on null
in APPPATH\Controllers\Board.php on line 26.
 1 SYSTEMPATH\CodeIgniter.php(934): App\Controllers\Board->view('1234')
 2 SYSTEMPATH\CodeIgniter.php(499): CodeIgniter\CodeIgniter->runController(Object(App\Controllers\Board))
 3 SYSTEMPATH\CodeIgniter.php(368): CodeIgniter\CodeIgniter->handleRequest(null, Object(Config\Cache), false)
 4 FCPATH\index.php(70): CodeIgniter\CodeIgniter->run()
CRITICAL - 2023-03-14 13:24:46 --> Call to a member function segment() on null
in APPPATH\Controllers\Board.php on line 26.
 1 SYSTEMPATH\CodeIgniter.php(934): App\Controllers\Board->view('1234')
 2 SYSTEMPATH\CodeIgniter.php(499): CodeIgniter\CodeIgniter->runController(Object(App\Controllers\Board))
 3 SYSTEMPATH\CodeIgniter.php(368): CodeIgniter\CodeIgniter->handleRequest(null, Object(Config\Cache), false)
 4 FCPATH\index.php(70): CodeIgniter\CodeIgniter->run()
CRITICAL - 2023-03-14 13:24:46 --> Call to a member function segment() on null
in APPPATH\Controllers\Board.php on line 26.
 1 SYSTEMPATH\CodeIgniter.php(934): App\Controllers\Board->view('1234')
 2 SYSTEMPATH\CodeIgniter.php(499): CodeIgniter\CodeIgniter->runController(Object(App\Controllers\Board))
 3 SYSTEMPATH\CodeIgniter.php(368): CodeIgniter\CodeIgniter->handleRequest(null, Object(Config\Cache), false)
 4 FCPATH\index.php(70): CodeIgniter\CodeIgniter->run()
CRITICAL - 2023-03-14 13:25:01 --> Call to a member function segment() on null
in APPPATH\Controllers\Board.php on line 26.
 1 SYSTEMPATH\CodeIgniter.php(934): App\Controllers\Board->view('1234')
 2 SYSTEMPATH\CodeIgniter.php(499): CodeIgniter\CodeIgniter->runController(Object(App\Controllers\Board))
 3 SYSTEMPATH\CodeIgniter.php(368): CodeIgniter\CodeIgniter->handleRequest(null, Object(Config\Cache), false)
 4 FCPATH\index.php(70): CodeIgniter\CodeIgniter->run()
CRITICAL - 2023-03-14 13:25:01 --> Call to a member function segment() on null
in APPPATH\Controllers\Board.php on line 26.
 1 SYSTEMPATH\CodeIgniter.php(934): App\Controllers\Board->view('1234')
 2 SYSTEMPATH\CodeIgniter.php(499): CodeIgniter\CodeIgniter->runController(Object(App\Controllers\Board))
 3 SYSTEMPATH\CodeIgniter.php(368): CodeIgniter\CodeIgniter->handleRequest(null, Object(Config\Cache), false)
 4 FCPATH\index.php(70): CodeIgniter\CodeIgniter->run()
CRITICAL - 2023-03-14 13:25:01 --> Call to a member function segment() on null
in APPPATH\Controllers\Board.php on line 26.
 1 SYSTEMPATH\CodeIgniter.php(934): App\Controllers\Board->view('1234')
 2 SYSTEMPATH\CodeIgniter.php(499): CodeIgniter\CodeIgniter->runController(Object(App\Controllers\Board))
 3 SYSTEMPATH\CodeIgniter.php(368): CodeIgniter\CodeIgniter->handleRequest(null, Object(Config\Cache), false)
 4 FCPATH\index.php(70): CodeIgniter\CodeIgniter->run()
CRITICAL - 2023-03-14 13:25:04 --> Call to a member function segment() on null
in APPPATH\Controllers\Board.php on line 26.
 1 SYSTEMPATH\CodeIgniter.php(934): App\Controllers\Board->view('1234')
 2 SYSTEMPATH\CodeIgniter.php(499): CodeIgniter\CodeIgniter->runController(Object(App\Controllers\Board))
 3 SYSTEMPATH\CodeIgniter.php(368): CodeIgniter\CodeIgniter->handleRequest(null, Object(Config\Cache), false)
 4 FCPATH\index.php(70): CodeIgniter\CodeIgniter->run()
CRITICAL - 2023-03-14 13:25:38 --> Call to a member function segment() on null
in APPPATH\Controllers\Board.php on line 27.
 1 SYSTEMPATH\CodeIgniter.php(934): App\Controllers\Board->view('1234')
 2 SYSTEMPATH\CodeIgniter.php(499): CodeIgniter\CodeIgniter->runController(Object(App\Controllers\Board))
 3 SYSTEMPATH\CodeIgniter.php(368): CodeIgniter\CodeIgniter->handleRequest(null, Object(Config\Cache), false)
 4 FCPATH\index.php(70): CodeIgniter\CodeIgniter->run()
CRITICAL - 2023-03-14 13:25:39 --> Call to a member function segment() on null
in APPPATH\Controllers\Board.php on line 27.
 1 SYSTEMPATH\CodeIgniter.php(934): App\Controllers\Board->view('1234')
 2 SYSTEMPATH\CodeIgniter.php(499): CodeIgniter\CodeIgniter->runController(Object(App\Controllers\Board))
 3 SYSTEMPATH\CodeIgniter.php(368): CodeIgniter\CodeIgniter->handleRequest(null, Object(Config\Cache), false)
 4 FCPATH\index.php(70): CodeIgniter\CodeIgniter->run()
CRITICAL - 2023-03-14 13:25:39 --> Call to a member function segment() on null
in APPPATH\Controllers\Board.php on line 27.
 1 SYSTEMPATH\CodeIgniter.php(934): App\Controllers\Board->view('1234')
 2 SYSTEMPATH\CodeIgniter.php(499): CodeIgniter\CodeIgniter->runController(Object(App\Controllers\Board))
 3 SYSTEMPATH\CodeIgniter.php(368): CodeIgniter\CodeIgniter->handleRequest(null, Object(Config\Cache), false)
 4 FCPATH\index.php(70): CodeIgniter\CodeIgniter->run()
CRITICAL - 2023-03-14 13:25:39 --> Call to a member function segment() on null
in APPPATH\Controllers\Board.php on line 27.
 1 SYSTEMPATH\CodeIgniter.php(934): App\Controllers\Board->view('1234')
 2 SYSTEMPATH\CodeIgniter.php(499): CodeIgniter\CodeIgniter->runController(Object(App\Controllers\Board))
 3 SYSTEMPATH\CodeIgniter.php(368): CodeIgniter\CodeIgniter->handleRequest(null, Object(Config\Cache), false)
 4 FCPATH\index.php(70): CodeIgniter\CodeIgniter->run()
CRITICAL - 2023-03-14 13:25:39 --> Call to a member function segment() on null
in APPPATH\Controllers\Board.php on line 27.
 1 SYSTEMPATH\CodeIgniter.php(934): App\Controllers\Board->view('1234')
 2 SYSTEMPATH\CodeIgniter.php(499): CodeIgniter\CodeIgniter->runController(Object(App\Controllers\Board))
 3 SYSTEMPATH\CodeIgniter.php(368): CodeIgniter\CodeIgniter->handleRequest(null, Object(Config\Cache), false)
 4 FCPATH\index.php(70): CodeIgniter\CodeIgniter->run()
CRITICAL - 2023-03-14 13:25:51 --> Call to a member function segment() on null
in APPPATH\Controllers\Board.php on line 27.
 1 SYSTEMPATH\CodeIgniter.php(934): App\Controllers\Board->view('1234')
 2 SYSTEMPATH\CodeIgniter.php(499): CodeIgniter\CodeIgniter->runController(Object(App\Controllers\Board))
 3 SYSTEMPATH\CodeIgniter.php(368): CodeIgniter\CodeIgniter->handleRequest(null, Object(Config\Cache), false)
 4 FCPATH\index.php(70): CodeIgniter\CodeIgniter->run()
CRITICAL - 2023-03-14 13:25:52 --> Call to a member function segment() on null
in APPPATH\Controllers\Board.php on line 27.
 1 SYSTEMPATH\CodeIgniter.php(934): App\Controllers\Board->view('1234')
 2 SYSTEMPATH\CodeIgniter.php(499): CodeIgniter\CodeIgniter->runController(Object(App\Controllers\Board))
 3 SYSTEMPATH\CodeIgniter.php(368): CodeIgniter\CodeIgniter->handleRequest(null, Object(Config\Cache), false)
 4 FCPATH\index.php(70): CodeIgniter\CodeIgniter->run()
CRITICAL - 2023-03-14 13:25:52 --> Call to a member function segment() on null
in APPPATH\Controllers\Board.php on line 27.
 1 SYSTEMPATH\CodeIgniter.php(934): App\Controllers\Board->view('1234')
 2 SYSTEMPATH\CodeIgniter.php(499): CodeIgniter\CodeIgniter->runController(Object(App\Controllers\Board))
 3 SYSTEMPATH\CodeIgniter.php(368): CodeIgniter\CodeIgniter->handleRequest(null, Object(Config\Cache), false)
 4 FCPATH\index.php(70): CodeIgniter\CodeIgniter->run()
CRITICAL - 2023-03-14 13:25:52 --> Call to a member function segment() on null
in APPPATH\Controllers\Board.php on line 27.
 1 SYSTEMPATH\CodeIgniter.php(934): App\Controllers\Board->view('1234')
 2 SYSTEMPATH\CodeIgniter.php(499): CodeIgniter\CodeIgniter->runController(Object(App\Controllers\Board))
 3 SYSTEMPATH\CodeIgniter.php(368): CodeIgniter\CodeIgniter->handleRequest(null, Object(Config\Cache), false)
 4 FCPATH\index.php(70): CodeIgniter\CodeIgniter->run()
CRITICAL - 2023-03-14 13:26:10 --> Call to undefined method CodeIgniter\HTTP\IncomingRequest::segment()
in APPPATH\Controllers\Board.php on line 26.
 1 SYSTEMPATH\CodeIgniter.php(934): App\Controllers\Board->view('1234')
 2 SYSTEMPATH\CodeIgniter.php(499): CodeIgniter\CodeIgniter->runController(Object(App\Controllers\Board))
 3 SYSTEMPATH\CodeIgniter.php(368): CodeIgniter\CodeIgniter->handleRequest(null, Object(Config\Cache), false)
 4 FCPATH\index.php(70): CodeIgniter\CodeIgniter->run()
CRITICAL - 2023-03-14 13:26:10 --> Call to undefined method CodeIgniter\HTTP\IncomingRequest::segment()
in APPPATH\Controllers\Board.php on line 26.
 1 SYSTEMPATH\CodeIgniter.php(934): App\Controllers\Board->view('1234')
 2 SYSTEMPATH\CodeIgniter.php(499): CodeIgniter\CodeIgniter->runController(Object(App\Controllers\Board))
 3 SYSTEMPATH\CodeIgniter.php(368): CodeIgniter\CodeIgniter->handleRequest(null, Object(Config\Cache), false)
 4 FCPATH\index.php(70): CodeIgniter\CodeIgniter->run()
CRITICAL - 2023-03-14 13:26:11 --> Call to undefined method CodeIgniter\HTTP\IncomingRequest::segment()
in APPPATH\Controllers\Board.php on line 26.
 1 SYSTEMPATH\CodeIgniter.php(934): App\Controllers\Board->view('1234')
 2 SYSTEMPATH\CodeIgniter.php(499): CodeIgniter\CodeIgniter->runController(Object(App\Controllers\Board))
 3 SYSTEMPATH\CodeIgniter.php(368): CodeIgniter\CodeIgniter->handleRequest(null, Object(Config\Cache), false)
 4 FCPATH\index.php(70): CodeIgniter\CodeIgniter->run()
CRITICAL - 2023-03-14 13:26:11 --> Call to undefined method CodeIgniter\HTTP\IncomingRequest::segment()
in APPPATH\Controllers\Board.php on line 26.
 1 SYSTEMPATH\CodeIgniter.php(934): App\Controllers\Board->view('1234')
 2 SYSTEMPATH\CodeIgniter.php(499): CodeIgniter\CodeIgniter->runController(Object(App\Controllers\Board))
 3 SYSTEMPATH\CodeIgniter.php(368): CodeIgniter\CodeIgniter->handleRequest(null, Object(Config\Cache), false)
 4 FCPATH\index.php(70): CodeIgniter\CodeIgniter->run()
CRITICAL - 2023-03-14 13:26:11 --> Call to undefined method CodeIgniter\HTTP\IncomingRequest::segment()
in APPPATH\Controllers\Board.php on line 26.
 1 SYSTEMPATH\CodeIgniter.php(934): App\Controllers\Board->view('1234')
 2 SYSTEMPATH\CodeIgniter.php(499): CodeIgniter\CodeIgniter->runController(Object(App\Controllers\Board))
 3 SYSTEMPATH\CodeIgniter.php(368): CodeIgniter\CodeIgniter->handleRequest(null, Object(Config\Cache), false)
 4 FCPATH\index.php(70): CodeIgniter\CodeIgniter->run()
CRITICAL - 2023-03-14 13:26:11 --> Call to undefined method CodeIgniter\HTTP\IncomingRequest::segment()
in APPPATH\Controllers\Board.php on line 26.
 1 SYSTEMPATH\CodeIgniter.php(934): App\Controllers\Board->view('1234')
 2 SYSTEMPATH\CodeIgniter.php(499): CodeIgniter\CodeIgniter->runController(Object(App\Controllers\Board))
 3 SYSTEMPATH\CodeIgniter.php(368): CodeIgniter\CodeIgniter->handleRequest(null, Object(Config\Cache), false)
 4 FCPATH\index.php(70): CodeIgniter\CodeIgniter->run()
CRITICAL - 2023-03-14 13:26:11 --> Call to undefined method CodeIgniter\HTTP\IncomingRequest::segment()
in APPPATH\Controllers\Board.php on line 26.
 1 SYSTEMPATH\CodeIgniter.php(934): App\Controllers\Board->view('1234')
 2 SYSTEMPATH\CodeIgniter.php(499): CodeIgniter\CodeIgniter->runController(Object(App\Controllers\Board))
 3 SYSTEMPATH\CodeIgniter.php(368): CodeIgniter\CodeIgniter->handleRequest(null, Object(Config\Cache), false)
 4 FCPATH\index.php(70): CodeIgniter\CodeIgniter->run()
CRITICAL - 2023-03-14 13:26:23 --> Call to undefined method CodeIgniter\HTTP\IncomingRequest::segment()
in APPPATH\Controllers\Board.php on line 26.
 1 SYSTEMPATH\CodeIgniter.php(934): App\Controllers\Board->view('1234')
 2 SYSTEMPATH\CodeIgniter.php(499): CodeIgniter\CodeIgniter->runController(Object(App\Controllers\Board))
 3 SYSTEMPATH\CodeIgniter.php(368): CodeIgniter\CodeIgniter->handleRequest(null, Object(Config\Cache), false)
 4 FCPATH\index.php(70): CodeIgniter\CodeIgniter->run()
CRITICAL - 2023-03-14 13:26:24 --> Call to undefined method CodeIgniter\HTTP\IncomingRequest::segment()
in APPPATH\Controllers\Board.php on line 26.
 1 SYSTEMPATH\CodeIgniter.php(934): App\Controllers\Board->view('1234')
 2 SYSTEMPATH\CodeIgniter.php(499): CodeIgniter\CodeIgniter->runController(Object(App\Controllers\Board))
 3 SYSTEMPATH\CodeIgniter.php(368): CodeIgniter\CodeIgniter->handleRequest(null, Object(Config\Cache), false)
 4 FCPATH\index.php(70): CodeIgniter\CodeIgniter->run()
CRITICAL - 2023-03-14 13:26:24 --> Call to undefined method CodeIgniter\HTTP\IncomingRequest::segment()
in APPPATH\Controllers\Board.php on line 26.
 1 SYSTEMPATH\CodeIgniter.php(934): App\Controllers\Board->view('1234')
 2 SYSTEMPATH\CodeIgniter.php(499): CodeIgniter\CodeIgniter->runController(Object(App\Controllers\Board))
 3 SYSTEMPATH\CodeIgniter.php(368): CodeIgniter\CodeIgniter->handleRequest(null, Object(Config\Cache), false)
 4 FCPATH\index.php(70): CodeIgniter\CodeIgniter->run()
CRITICAL - 2023-03-14 13:26:24 --> Call to undefined method CodeIgniter\HTTP\IncomingRequest::segment()
in APPPATH\Controllers\Board.php on line 26.
 1 SYSTEMPATH\CodeIgniter.php(934): App\Controllers\Board->view('1234')
 2 SYSTEMPATH\CodeIgniter.php(499): CodeIgniter\CodeIgniter->runController(Object(App\Controllers\Board))
 3 SYSTEMPATH\CodeIgniter.php(368): CodeIgniter\CodeIgniter->handleRequest(null, Object(Config\Cache), false)
 4 FCPATH\index.php(70): CodeIgniter\CodeIgniter->run()
CRITICAL - 2023-03-14 13:26:25 --> Call to undefined method CodeIgniter\HTTP\IncomingRequest::segment()
in APPPATH\Controllers\Board.php on line 26.
 1 SYSTEMPATH\CodeIgniter.php(934): App\Controllers\Board->view('1234')
 2 SYSTEMPATH\CodeIgniter.php(499): CodeIgniter\CodeIgniter->runController(Object(App\Controllers\Board))
 3 SYSTEMPATH\CodeIgniter.php(368): CodeIgniter\CodeIgniter->handleRequest(null, Object(Config\Cache), false)
 4 FCPATH\index.php(70): CodeIgniter\CodeIgniter->run()
CRITICAL - 2023-03-14 13:27:17 --> Cannot use object of type CodeIgniter\HTTP\IncomingRequest as array
in APPPATH\Controllers\Board.php on line 25.
 1 SYSTEMPATH\CodeIgniter.php(934): App\Controllers\Board->view('1234')
 2 SYSTEMPATH\CodeIgniter.php(499): CodeIgniter\CodeIgniter->runController(Object(App\Controllers\Board))
 3 SYSTEMPATH\CodeIgniter.php(368): CodeIgniter\CodeIgniter->handleRequest(null, Object(Config\Cache), false)
 4 FCPATH\index.php(70): CodeIgniter\CodeIgniter->run()
CRITICAL - 2023-03-14 13:27:18 --> Cannot use object of type CodeIgniter\HTTP\IncomingRequest as array
in APPPATH\Controllers\Board.php on line 25.
 1 SYSTEMPATH\CodeIgniter.php(934): App\Controllers\Board->view('1234')
 2 SYSTEMPATH\CodeIgniter.php(499): CodeIgniter\CodeIgniter->runController(Object(App\Controllers\Board))
 3 SYSTEMPATH\CodeIgniter.php(368): CodeIgniter\CodeIgniter->handleRequest(null, Object(Config\Cache), false)
 4 FCPATH\index.php(70): CodeIgniter\CodeIgniter->run()
CRITICAL - 2023-03-14 13:27:18 --> Cannot use object of type CodeIgniter\HTTP\IncomingRequest as array
in APPPATH\Controllers\Board.php on line 25.
 1 SYSTEMPATH\CodeIgniter.php(934): App\Controllers\Board->view('1234')
 2 SYSTEMPATH\CodeIgniter.php(499): CodeIgniter\CodeIgniter->runController(Object(App\Controllers\Board))
 3 SYSTEMPATH\CodeIgniter.php(368): CodeIgniter\CodeIgniter->handleRequest(null, Object(Config\Cache), false)
 4 FCPATH\index.php(70): CodeIgniter\CodeIgniter->run()
CRITICAL - 2023-03-14 13:27:18 --> Cannot use object of type CodeIgniter\HTTP\IncomingRequest as array
in APPPATH\Controllers\Board.php on line 25.
 1 SYSTEMPATH\CodeIgniter.php(934): App\Controllers\Board->view('1234')
 2 SYSTEMPATH\CodeIgniter.php(499): CodeIgniter\CodeIgniter->runController(Object(App\Controllers\Board))
 3 SYSTEMPATH\CodeIgniter.php(368): CodeIgniter\CodeIgniter->handleRequest(null, Object(Config\Cache), false)
 4 FCPATH\index.php(70): CodeIgniter\CodeIgniter->run()
CRITICAL - 2023-03-14 13:28:21 --> Call to undefined method CodeIgniter\HTTP\IncomingRequest::segments()
in APPPATH\Controllers\Board.php on line 26.
 1 SYSTEMPATH\CodeIgniter.php(934): App\Controllers\Board->view('1234')
 2 SYSTEMPATH\CodeIgniter.php(499): CodeIgniter\CodeIgniter->runController(Object(App\Controllers\Board))
 3 SYSTEMPATH\CodeIgniter.php(368): CodeIgniter\CodeIgniter->handleRequest(null, Object(Config\Cache), false)
 4 FCPATH\index.php(70): CodeIgniter\CodeIgniter->run()
CRITICAL - 2023-03-14 13:28:23 --> Call to undefined method CodeIgniter\HTTP\IncomingRequest::segments()
in APPPATH\Controllers\Board.php on line 26.
 1 SYSTEMPATH\CodeIgniter.php(934): App\Controllers\Board->view('1234')
 2 SYSTEMPATH\CodeIgniter.php(499): CodeIgniter\CodeIgniter->runController(Object(App\Controllers\Board))
 3 SYSTEMPATH\CodeIgniter.php(368): CodeIgniter\CodeIgniter->handleRequest(null, Object(Config\Cache), false)
 4 FCPATH\index.php(70): CodeIgniter\CodeIgniter->run()
CRITICAL - 2023-03-14 13:28:30 --> Call to undefined method CodeIgniter\HTTP\IncomingRequest::segments()
in APPPATH\Controllers\Board.php on line 26.
 1 SYSTEMPATH\CodeIgniter.php(934): App\Controllers\Board->view('1234')
 2 SYSTEMPATH\CodeIgniter.php(499): CodeIgniter\CodeIgniter->runController(Object(App\Controllers\Board))
 3 SYSTEMPATH\CodeIgniter.php(368): CodeIgniter\CodeIgniter->handleRequest(null, Object(Config\Cache), false)
 4 FCPATH\index.php(70): CodeIgniter\CodeIgniter->run()
CRITICAL - 2023-03-14 13:28:31 --> Call to undefined method CodeIgniter\HTTP\IncomingRequest::segments()
in APPPATH\Controllers\Board.php on line 26.
 1 SYSTEMPATH\CodeIgniter.php(934): App\Controllers\Board->view('1234')
 2 SYSTEMPATH\CodeIgniter.php(499): CodeIgniter\CodeIgniter->runController(Object(App\Controllers\Board))
 3 SYSTEMPATH\CodeIgniter.php(368): CodeIgniter\CodeIgniter->handleRequest(null, Object(Config\Cache), false)
 4 FCPATH\index.php(70): CodeIgniter\CodeIgniter->run()
CRITICAL - 2023-03-14 13:28:31 --> Call to undefined method CodeIgniter\HTTP\IncomingRequest::segments()
in APPPATH\Controllers\Board.php on line 26.
 1 SYSTEMPATH\CodeIgniter.php(934): App\Controllers\Board->view('1234')
 2 SYSTEMPATH\CodeIgniter.php(499): CodeIgniter\CodeIgniter->runController(Object(App\Controllers\Board))
 3 SYSTEMPATH\CodeIgniter.php(368): CodeIgniter\CodeIgniter->handleRequest(null, Object(Config\Cache), false)
 4 FCPATH\index.php(70): CodeIgniter\CodeIgniter->run()
CRITICAL - 2023-03-14 13:28:31 --> Call to undefined method CodeIgniter\HTTP\IncomingRequest::segments()
in APPPATH\Controllers\Board.php on line 26.
 1 SYSTEMPATH\CodeIgniter.php(934): App\Controllers\Board->view('1234')
 2 SYSTEMPATH\CodeIgniter.php(499): CodeIgniter\CodeIgniter->runController(Object(App\Controllers\Board))
 3 SYSTEMPATH\CodeIgniter.php(368): CodeIgniter\CodeIgniter->handleRequest(null, Object(Config\Cache), false)
 4 FCPATH\index.php(70): CodeIgniter\CodeIgniter->run()
CRITICAL - 2023-03-14 13:28:31 --> Call to undefined method CodeIgniter\HTTP\IncomingRequest::segments()
in APPPATH\Controllers\Board.php on line 26.
 1 SYSTEMPATH\CodeIgniter.php(934): App\Controllers\Board->view('1234')
 2 SYSTEMPATH\CodeIgniter.php(499): CodeIgniter\CodeIgniter->runController(Object(App\Controllers\Board))
 3 SYSTEMPATH\CodeIgniter.php(368): CodeIgniter\CodeIgniter->handleRequest(null, Object(Config\Cache), false)
 4 FCPATH\index.php(70): CodeIgniter\CodeIgniter->run()
CRITICAL - 2023-03-14 13:28:31 --> Call to undefined method CodeIgniter\HTTP\IncomingRequest::segments()
in APPPATH\Controllers\Board.php on line 26.
 1 SYSTEMPATH\CodeIgniter.php(934): App\Controllers\Board->view('1234')
 2 SYSTEMPATH\CodeIgniter.php(499): CodeIgniter\CodeIgniter->runController(Object(App\Controllers\Board))
 3 SYSTEMPATH\CodeIgniter.php(368): CodeIgniter\CodeIgniter->handleRequest(null, Object(Config\Cache), false)
 4 FCPATH\index.php(70): CodeIgniter\CodeIgniter->run()
CRITICAL - 2023-03-14 13:28:41 --> Call to undefined method CodeIgniter\HTTP\IncomingRequest::segments()
in APPPATH\Controllers\Board.php on line 26.
 1 SYSTEMPATH\CodeIgniter.php(934): App\Controllers\Board->view('1234')
 2 SYSTEMPATH\CodeIgniter.php(499): CodeIgniter\CodeIgniter->runController(Object(App\Controllers\Board))
 3 SYSTEMPATH\CodeIgniter.php(368): CodeIgniter\CodeIgniter->handleRequest(null, Object(Config\Cache), false)
 4 FCPATH\index.php(70): CodeIgniter\CodeIgniter->run()
CRITICAL - 2023-03-14 13:28:48 --> Call to undefined method CodeIgniter\HTTP\IncomingRequest::segments()
in APPPATH\Controllers\Board.php on line 26.
 1 SYSTEMPATH\CodeIgniter.php(934): App\Controllers\Board->view('1234')
 2 SYSTEMPATH\CodeIgniter.php(499): CodeIgniter\CodeIgniter->runController(Object(App\Controllers\Board))
 3 SYSTEMPATH\CodeIgniter.php(368): CodeIgniter\CodeIgniter->handleRequest(null, Object(Config\Cache), false)
 4 FCPATH\index.php(70): CodeIgniter\CodeIgniter->run()
CRITICAL - 2023-03-14 13:28:48 --> Call to undefined method CodeIgniter\HTTP\IncomingRequest::segments()
in APPPATH\Controllers\Board.php on line 26.
 1 SYSTEMPATH\CodeIgniter.php(934): App\Controllers\Board->view('1234')
 2 SYSTEMPATH\CodeIgniter.php(499): CodeIgniter\CodeIgniter->runController(Object(App\Controllers\Board))
 3 SYSTEMPATH\CodeIgniter.php(368): CodeIgniter\CodeIgniter->handleRequest(null, Object(Config\Cache), false)
 4 FCPATH\index.php(70): CodeIgniter\CodeIgniter->run()
CRITICAL - 2023-03-14 13:28:48 --> Call to undefined method CodeIgniter\HTTP\IncomingRequest::segments()
in APPPATH\Controllers\Board.php on line 26.
 1 SYSTEMPATH\CodeIgniter.php(934): App\Controllers\Board->view('1234')
 2 SYSTEMPATH\CodeIgniter.php(499): CodeIgniter\CodeIgniter->runController(Object(App\Controllers\Board))
 3 SYSTEMPATH\CodeIgniter.php(368): CodeIgniter\CodeIgniter->handleRequest(null, Object(Config\Cache), false)
 4 FCPATH\index.php(70): CodeIgniter\CodeIgniter->run()
CRITICAL - 2023-03-14 13:33:03 --> Cannot access protected property CodeIgniter\HTTP\URI::$segments
in APPPATH\Controllers\Board.php on line 31.
 1 SYSTEMPATH\CodeIgniter.php(934): App\Controllers\Board->view('1234')
 2 SYSTEMPATH\CodeIgniter.php(499): CodeIgniter\CodeIgniter->runController(Object(App\Controllers\Board))
 3 SYSTEMPATH\CodeIgniter.php(368): CodeIgniter\CodeIgniter->handleRequest(null, Object(Config\Cache), false)
 4 FCPATH\index.php(70): CodeIgniter\CodeIgniter->run()
CRITICAL - 2023-03-14 13:33:04 --> Cannot access protected property CodeIgniter\HTTP\URI::$segments
in APPPATH\Controllers\Board.php on line 31.
 1 SYSTEMPATH\CodeIgniter.php(934): App\Controllers\Board->view('1234')
 2 SYSTEMPATH\CodeIgniter.php(499): CodeIgniter\CodeIgniter->runController(Object(App\Controllers\Board))
 3 SYSTEMPATH\CodeIgniter.php(368): CodeIgniter\CodeIgniter->handleRequest(null, Object(Config\Cache), false)
 4 FCPATH\index.php(70): CodeIgniter\CodeIgniter->run()
CRITICAL - 2023-03-14 13:33:04 --> Cannot access protected property CodeIgniter\HTTP\URI::$segments
in APPPATH\Controllers\Board.php on line 31.
 1 SYSTEMPATH\CodeIgniter.php(934): App\Controllers\Board->view('1234')
 2 SYSTEMPATH\CodeIgniter.php(499): CodeIgniter\CodeIgniter->runController(Object(App\Controllers\Board))
 3 SYSTEMPATH\CodeIgniter.php(368): CodeIgniter\CodeIgniter->handleRequest(null, Object(Config\Cache), false)
 4 FCPATH\index.php(70): CodeIgniter\CodeIgniter->run()
CRITICAL - 2023-03-14 13:33:04 --> Cannot access protected property CodeIgniter\HTTP\URI::$segments
in APPPATH\Controllers\Board.php on line 31.
 1 SYSTEMPATH\CodeIgniter.php(934): App\Controllers\Board->view('1234')
 2 SYSTEMPATH\CodeIgniter.php(499): CodeIgniter\CodeIgniter->runController(Object(App\Controllers\Board))
 3 SYSTEMPATH\CodeIgniter.php(368): CodeIgniter\CodeIgniter->handleRequest(null, Object(Config\Cache), false)
 4 FCPATH\index.php(70): CodeIgniter\CodeIgniter->run()
CRITICAL - 2023-03-14 13:35:21 --> Cannot use object of type CodeIgniter\HTTP\URI as array
in APPPATH\Controllers\Board.php on line 32.
 1 SYSTEMPATH\CodeIgniter.php(934): App\Controllers\Board->view('1234')
 2 SYSTEMPATH\CodeIgniter.php(499): CodeIgniter\CodeIgniter->runController(Object(App\Controllers\Board))
 3 SYSTEMPATH\CodeIgniter.php(368): CodeIgniter\CodeIgniter->handleRequest(null, Object(Config\Cache), false)
 4 FCPATH\index.php(70): CodeIgniter\CodeIgniter->run()
CRITICAL - 2023-03-14 13:35:22 --> Cannot use object of type CodeIgniter\HTTP\URI as array
in APPPATH\Controllers\Board.php on line 32.
 1 SYSTEMPATH\CodeIgniter.php(934): App\Controllers\Board->view('1234')
 2 SYSTEMPATH\CodeIgniter.php(499): CodeIgniter\CodeIgniter->runController(Object(App\Controllers\Board))
 3 SYSTEMPATH\CodeIgniter.php(368): CodeIgniter\CodeIgniter->handleRequest(null, Object(Config\Cache), false)
 4 FCPATH\index.php(70): CodeIgniter\CodeIgniter->run()
CRITICAL - 2023-03-14 13:35:45 --> Call to undefined method CodeIgniter\HTTP\URI::segments()
in APPPATH\Controllers\Board.php on line 32.
 1 SYSTEMPATH\CodeIgniter.php(934): App\Controllers\Board->view('1234')
 2 SYSTEMPATH\CodeIgniter.php(499): CodeIgniter\CodeIgniter->runController(Object(App\Controllers\Board))
 3 SYSTEMPATH\CodeIgniter.php(368): CodeIgniter\CodeIgniter->handleRequest(null, Object(Config\Cache), false)
 4 FCPATH\index.php(70): CodeIgniter\CodeIgniter->run()
CRITICAL - 2023-03-14 13:35:46 --> Call to undefined method CodeIgniter\HTTP\URI::segments()
in APPPATH\Controllers\Board.php on line 32.
 1 SYSTEMPATH\CodeIgniter.php(934): App\Controllers\Board->view('1234')
 2 SYSTEMPATH\CodeIgniter.php(499): CodeIgniter\CodeIgniter->runController(Object(App\Controllers\Board))
 3 SYSTEMPATH\CodeIgniter.php(368): CodeIgniter\CodeIgniter->handleRequest(null, Object(Config\Cache), false)
 4 FCPATH\index.php(70): CodeIgniter\CodeIgniter->run()
CRITICAL - 2023-03-14 13:35:46 --> Call to undefined method CodeIgniter\HTTP\URI::segments()
in APPPATH\Controllers\Board.php on line 32.
 1 SYSTEMPATH\CodeIgniter.php(934): App\Controllers\Board->view('1234')
 2 SYSTEMPATH\CodeIgniter.php(499): CodeIgniter\CodeIgniter->runController(Object(App\Controllers\Board))
 3 SYSTEMPATH\CodeIgniter.php(368): CodeIgniter\CodeIgniter->handleRequest(null, Object(Config\Cache), false)
 4 FCPATH\index.php(70): CodeIgniter\CodeIgniter->run()
CRITICAL - 2023-03-14 13:35:46 --> Call to undefined method CodeIgniter\HTTP\URI::segments()
in APPPATH\Controllers\Board.php on line 32.
 1 SYSTEMPATH\CodeIgniter.php(934): App\Controllers\Board->view('1234')
 2 SYSTEMPATH\CodeIgniter.php(499): CodeIgniter\CodeIgniter->runController(Object(App\Controllers\Board))
 3 SYSTEMPATH\CodeIgniter.php(368): CodeIgniter\CodeIgniter->handleRequest(null, Object(Config\Cache), false)
 4 FCPATH\index.php(70): CodeIgniter\CodeIgniter->run()
