CRITICAL - 2023-02-28 12:41:59 --> The framework needs the following extension(s) installed and loaded: intl, mbstring.
in SYSTEMPATH\CodeIgniter.php on line 226.
 1 SYSTEMPATH\CodeIgniter.php(226): CodeIgniter\Exceptions\FrameworkException::forMissingExtension('intl, mbstring')
 2 SYSTEMPATH\CodeIgniter.php(190): CodeIgniter\CodeIgniter->resolvePlatformExtensions()
 3 ROOTPATH\spark(83): CodeIgniter\CodeIgniter->initialize()
CRITICAL - 2023-02-28 12:41:59 --> Uncaught Error: Call to undefined function CodeIgniter\CLI\mb_strpos() in C:\Users\leesha\web\codeIgniter-practice\system\CLI\CLI.php:872
Stack trace:
#0 C:\Users\leesha\web\codeIgniter-practice\system\CLI\CLI.php(161): CodeIgniter\CLI\CLI::parseCommandLine()
#1 C:\Users\leesha\web\codeIgniter-practice\system\CLI\CLI.php(1115): CodeIgniter\CLI\CLI::init()
#2 C:\Users\leesha\web\codeIgniter-practice\system\Autoloader\Autoloader.php(312): include_once('C:\\Users\\leesha...')
#3 C:\Users\leesha\web\codeIgniter-practice\system\Autoloader\Autoloader.php(289): CodeIgniter\Autoloader\Autoloader->includeFile('C:\\Users\\leesha...')
#4 C:\Users\leesha\web\codeIgniter-practice\system\Autoloader\Autoloader.php(267): CodeIgniter\Autoloader\Autoloader->loadInNamespace('CodeIgniter\\CLI...')
#5 C:\Users\leesha\web\codeIgniter-practice\app\Views\errors\cli\error_exception.php(6): CodeIgniter\Autoloader\Autoloader->loadClass('CodeIgniter\\CLI...')
#6 C:\Users\leesha\web\codeIgniter-practice\app\Views\errors\cli\production.php(5): include('C:\\Users\\leesha...')
#7 C:\Users\leesha\web\codeIgniter-practice\system\Debug\Exceptions.php(277): include('C:\\Users\\leesha...')
#8 C:\Users\leesha\web\codeIgniter-practice\system\Debug\Exceptions.php(280): CodeIgniter\Debug\Exceptions->CodeIgniter\Debug\{closure}()
#9 C:\Users\leesha\web\codeIgniter-practice\system\Debug\Exceptions.php(151): CodeIgniter\Debug\Exceptions->render(Object(CodeIgniter\Exceptions\FrameworkException), 500)
#10 [internal function]: CodeIgniter\Debug\Exceptions->exceptionHandler(Object(CodeIgniter\Exceptions\FrameworkException))
#11 {main}
  thrown
【Previous Exception】
CodeIgniter\Exceptions\FrameworkException
The framework needs the following extension(s) installed and loaded: intl, mbstring.
#0 C:\Users\leesha\web\codeIgniter-practice\system\CodeIgniter.php(226): CodeIgniter\Exceptions\FrameworkException::forMissingExtension('intl, mbstring')
#1 C:\Users\leesha\web\codeIgniter-practice\system\CodeIgniter.php(190): CodeIgniter\CodeIgniter->resolvePlatformExtensions()
#2 C:\Users\leesha\web\codeIgniter-practice\spark(83): CodeIgniter\CodeIgniter->initialize()
#3 {main}
in SYSTEMPATH\CLI\CLI.php on line 872.
 1 [internal function]: CodeIgniter\Debug\Exceptions->shutdownHandler()
CRITICAL - 2023-02-28 12:43:13 --> The framework needs the following extension(s) installed and loaded: intl, mbstring.
in SYSTEMPATH\CodeIgniter.php on line 226.
 1 SYSTEMPATH\CodeIgniter.php(226): CodeIgniter\Exceptions\FrameworkException::forMissingExtension('intl, mbstring')
 2 SYSTEMPATH\CodeIgniter.php(190): CodeIgniter\CodeIgniter->resolvePlatformExtensions()
 3 ROOTPATH\spark(83): CodeIgniter\CodeIgniter->initialize()
CRITICAL - 2023-02-28 12:43:13 --> Uncaught Error: Call to undefined function CodeIgniter\CLI\mb_strpos() in C:\Users\leesha\web\codeIgniter-practice\system\CLI\CLI.php:872
Stack trace:
#0 C:\Users\leesha\web\codeIgniter-practice\system\CLI\CLI.php(161): CodeIgniter\CLI\CLI::parseCommandLine()
#1 C:\Users\leesha\web\codeIgniter-practice\system\CLI\CLI.php(1115): CodeIgniter\CLI\CLI::init()
#2 C:\Users\leesha\web\codeIgniter-practice\system\Autoloader\Autoloader.php(312): include_once('C:\\Users\\leesha...')
#3 C:\Users\leesha\web\codeIgniter-practice\system\Autoloader\Autoloader.php(289): CodeIgniter\Autoloader\Autoloader->includeFile('C:\\Users\\leesha...')
#4 C:\Users\leesha\web\codeIgniter-practice\system\Autoloader\Autoloader.php(267): CodeIgniter\Autoloader\Autoloader->loadInNamespace('CodeIgniter\\CLI...')
#5 C:\Users\leesha\web\codeIgniter-practice\app\Views\errors\cli\error_exception.php(6): CodeIgniter\Autoloader\Autoloader->loadClass('CodeIgniter\\CLI...')
#6 C:\Users\leesha\web\codeIgniter-practice\app\Views\errors\cli\production.php(5): include('C:\\Users\\leesha...')
#7 C:\Users\leesha\web\codeIgniter-practice\system\Debug\Exceptions.php(277): include('C:\\Users\\leesha...')
#8 C:\Users\leesha\web\codeIgniter-practice\system\Debug\Exceptions.php(280): CodeIgniter\Debug\Exceptions->CodeIgniter\Debug\{closure}()
#9 C:\Users\leesha\web\codeIgniter-practice\system\Debug\Exceptions.php(151): CodeIgniter\Debug\Exceptions->render(Object(CodeIgniter\Exceptions\FrameworkException), 500)
#10 [internal function]: CodeIgniter\Debug\Exceptions->exceptionHandler(Object(CodeIgniter\Exceptions\FrameworkException))
#11 {main}
  thrown
【Previous Exception】
CodeIgniter\Exceptions\FrameworkException
The framework needs the following extension(s) installed and loaded: intl, mbstring.
#0 C:\Users\leesha\web\codeIgniter-practice\system\CodeIgniter.php(226): CodeIgniter\Exceptions\FrameworkException::forMissingExtension('intl, mbstring')
#1 C:\Users\leesha\web\codeIgniter-practice\system\CodeIgniter.php(190): CodeIgniter\CodeIgniter->resolvePlatformExtensions()
#2 C:\Users\leesha\web\codeIgniter-practice\spark(83): CodeIgniter\CodeIgniter->initialize()
#3 {main}
in SYSTEMPATH\CLI\CLI.php on line 872.
 1 [internal function]: CodeIgniter\Debug\Exceptions->shutdownHandler()
CRITICAL - 2023-02-28 12:53:23 --> The framework needs the following extension(s) installed and loaded: intl, mbstring.
in SYSTEMPATH\CodeIgniter.php on line 226.
 1 SYSTEMPATH\CodeIgniter.php(226): CodeIgniter\Exceptions\FrameworkException::forMissingExtension('intl, mbstring')
 2 SYSTEMPATH\CodeIgniter.php(190): CodeIgniter\CodeIgniter->resolvePlatformExtensions()
 3 ROOTPATH\spark(83): CodeIgniter\CodeIgniter->initialize()
CRITICAL - 2023-02-28 12:53:23 --> Uncaught Error: Call to undefined function CodeIgniter\CLI\mb_strpos() in C:\Users\leesha\web\codeIgniter-practice\system\CLI\CLI.php:872
Stack trace:
#0 C:\Users\leesha\web\codeIgniter-practice\system\CLI\CLI.php(161): CodeIgniter\CLI\CLI::parseCommandLine()
#1 C:\Users\leesha\web\codeIgniter-practice\system\CLI\CLI.php(1115): CodeIgniter\CLI\CLI::init()
#2 C:\Users\leesha\web\codeIgniter-practice\system\Autoloader\Autoloader.php(312): include_once('C:\\Users\\leesha...')
#3 C:\Users\leesha\web\codeIgniter-practice\system\Autoloader\Autoloader.php(289): CodeIgniter\Autoloader\Autoloader->includeFile('C:\\Users\\leesha...')
#4 C:\Users\leesha\web\codeIgniter-practice\system\Autoloader\Autoloader.php(267): CodeIgniter\Autoloader\Autoloader->loadInNamespace('CodeIgniter\\CLI...')
#5 C:\Users\leesha\web\codeIgniter-practice\app\Views\errors\cli\error_exception.php(6): CodeIgniter\Autoloader\Autoloader->loadClass('CodeIgniter\\CLI...')
#6 C:\Users\leesha\web\codeIgniter-practice\app\Views\errors\cli\production.php(5): include('C:\\Users\\leesha...')
#7 C:\Users\leesha\web\codeIgniter-practice\system\Debug\Exceptions.php(277): include('C:\\Users\\leesha...')
#8 C:\Users\leesha\web\codeIgniter-practice\system\Debug\Exceptions.php(280): CodeIgniter\Debug\Exceptions->CodeIgniter\Debug\{closure}()
#9 C:\Users\leesha\web\codeIgniter-practice\system\Debug\Exceptions.php(151): CodeIgniter\Debug\Exceptions->render(Object(CodeIgniter\Exceptions\FrameworkException), 500)
#10 [internal function]: CodeIgniter\Debug\Exceptions->exceptionHandler(Object(CodeIgniter\Exceptions\FrameworkException))
#11 {main}
  thrown
【Previous Exception】
CodeIgniter\Exceptions\FrameworkException
The framework needs the following extension(s) installed and loaded: intl, mbstring.
#0 C:\Users\leesha\web\codeIgniter-practice\system\CodeIgniter.php(226): CodeIgniter\Exceptions\FrameworkException::forMissingExtension('intl, mbstring')
#1 C:\Users\leesha\web\codeIgniter-practice\system\CodeIgniter.php(190): CodeIgniter\CodeIgniter->resolvePlatformExtensions()
#2 C:\Users\leesha\web\codeIgniter-practice\spark(83): CodeIgniter\CodeIgniter->initialize()
#3 {main}
in SYSTEMPATH\CLI\CLI.php on line 872.
 1 [internal function]: CodeIgniter\Debug\Exceptions->shutdownHandler()
CRITICAL - 2023-02-28 12:53:32 --> The framework needs the following extension(s) installed and loaded: intl, mbstring.
in SYSTEMPATH\CodeIgniter.php on line 226.
 1 SYSTEMPATH\CodeIgniter.php(226): CodeIgniter\Exceptions\FrameworkException::forMissingExtension('intl, mbstring')
 2 SYSTEMPATH\CodeIgniter.php(190): CodeIgniter\CodeIgniter->resolvePlatformExtensions()
 3 ROOTPATH\spark(83): CodeIgniter\CodeIgniter->initialize()
CRITICAL - 2023-02-28 12:53:32 --> Uncaught Error: Call to undefined function CodeIgniter\CLI\mb_strpos() in C:\Users\leesha\web\codeIgniter-practice\system\CLI\CLI.php:872
Stack trace:
#0 C:\Users\leesha\web\codeIgniter-practice\system\CLI\CLI.php(161): CodeIgniter\CLI\CLI::parseCommandLine()
#1 C:\Users\leesha\web\codeIgniter-practice\system\CLI\CLI.php(1115): CodeIgniter\CLI\CLI::init()
#2 C:\Users\leesha\web\codeIgniter-practice\system\Autoloader\Autoloader.php(312): include_once('C:\\Users\\leesha...')
#3 C:\Users\leesha\web\codeIgniter-practice\system\Autoloader\Autoloader.php(289): CodeIgniter\Autoloader\Autoloader->includeFile('C:\\Users\\leesha...')
#4 C:\Users\leesha\web\codeIgniter-practice\system\Autoloader\Autoloader.php(267): CodeIgniter\Autoloader\Autoloader->loadInNamespace('CodeIgniter\\CLI...')
#5 C:\Users\leesha\web\codeIgniter-practice\app\Views\errors\cli\error_exception.php(6): CodeIgniter\Autoloader\Autoloader->loadClass('CodeIgniter\\CLI...')
#6 C:\Users\leesha\web\codeIgniter-practice\app\Views\errors\cli\production.php(5): include('C:\\Users\\leesha...')
#7 C:\Users\leesha\web\codeIgniter-practice\system\Debug\Exceptions.php(277): include('C:\\Users\\leesha...')
#8 C:\Users\leesha\web\codeIgniter-practice\system\Debug\Exceptions.php(280): CodeIgniter\Debug\Exceptions->CodeIgniter\Debug\{closure}()
#9 C:\Users\leesha\web\codeIgniter-practice\system\Debug\Exceptions.php(151): CodeIgniter\Debug\Exceptions->render(Object(CodeIgniter\Exceptions\FrameworkException), 500)
#10 [internal function]: CodeIgniter\Debug\Exceptions->exceptionHandler(Object(CodeIgniter\Exceptions\FrameworkException))
#11 {main}
  thrown
【Previous Exception】
CodeIgniter\Exceptions\FrameworkException
The framework needs the following extension(s) installed and loaded: intl, mbstring.
#0 C:\Users\leesha\web\codeIgniter-practice\system\CodeIgniter.php(226): CodeIgniter\Exceptions\FrameworkException::forMissingExtension('intl, mbstring')
#1 C:\Users\leesha\web\codeIgniter-practice\system\CodeIgniter.php(190): CodeIgniter\CodeIgniter->resolvePlatformExtensions()
#2 C:\Users\leesha\web\codeIgniter-practice\spark(83): CodeIgniter\CodeIgniter->initialize()
#3 {main}
in SYSTEMPATH\CLI\CLI.php on line 872.
 1 [internal function]: CodeIgniter\Debug\Exceptions->shutdownHandler()
CRITICAL - 2023-02-28 12:54:13 --> The framework needs the following extension(s) installed and loaded: intl, mbstring.
in SYSTEMPATH\CodeIgniter.php on line 226.
 1 SYSTEMPATH\CodeIgniter.php(226): CodeIgniter\Exceptions\FrameworkException::forMissingExtension('intl, mbstring')
 2 SYSTEMPATH\CodeIgniter.php(190): CodeIgniter\CodeIgniter->resolvePlatformExtensions()
 3 ROOTPATH\spark(83): CodeIgniter\CodeIgniter->initialize()
CRITICAL - 2023-02-28 12:54:13 --> Uncaught Error: Call to undefined function CodeIgniter\CLI\mb_strpos() in C:\Users\leesha\web\codeIgniter-practice\system\CLI\CLI.php:872
Stack trace:
#0 C:\Users\leesha\web\codeIgniter-practice\system\CLI\CLI.php(161): CodeIgniter\CLI\CLI::parseCommandLine()
#1 C:\Users\leesha\web\codeIgniter-practice\system\CLI\CLI.php(1115): CodeIgniter\CLI\CLI::init()
#2 C:\Users\leesha\web\codeIgniter-practice\system\Autoloader\Autoloader.php(312): include_once('C:\\Users\\leesha...')
#3 C:\Users\leesha\web\codeIgniter-practice\system\Autoloader\Autoloader.php(289): CodeIgniter\Autoloader\Autoloader->includeFile('C:\\Users\\leesha...')
#4 C:\Users\leesha\web\codeIgniter-practice\system\Autoloader\Autoloader.php(267): CodeIgniter\Autoloader\Autoloader->loadInNamespace('CodeIgniter\\CLI...')
#5 C:\Users\leesha\web\codeIgniter-practice\app\Views\errors\cli\error_exception.php(6): CodeIgniter\Autoloader\Autoloader->loadClass('CodeIgniter\\CLI...')
#6 C:\Users\leesha\web\codeIgniter-practice\app\Views\errors\cli\production.php(5): include('C:\\Users\\leesha...')
#7 C:\Users\leesha\web\codeIgniter-practice\system\Debug\Exceptions.php(277): include('C:\\Users\\leesha...')
#8 C:\Users\leesha\web\codeIgniter-practice\system\Debug\Exceptions.php(280): CodeIgniter\Debug\Exceptions->CodeIgniter\Debug\{closure}()
#9 C:\Users\leesha\web\codeIgniter-practice\system\Debug\Exceptions.php(151): CodeIgniter\Debug\Exceptions->render(Object(CodeIgniter\Exceptions\FrameworkException), 500)
#10 [internal function]: CodeIgniter\Debug\Exceptions->exceptionHandler(Object(CodeIgniter\Exceptions\FrameworkException))
#11 {main}
  thrown
【Previous Exception】
CodeIgniter\Exceptions\FrameworkException
The framework needs the following extension(s) installed and loaded: intl, mbstring.
#0 C:\Users\leesha\web\codeIgniter-practice\system\CodeIgniter.php(226): CodeIgniter\Exceptions\FrameworkException::forMissingExtension('intl, mbstring')
#1 C:\Users\leesha\web\codeIgniter-practice\system\CodeIgniter.php(190): CodeIgniter\CodeIgniter->resolvePlatformExtensions()
#2 C:\Users\leesha\web\codeIgniter-practice\spark(83): CodeIgniter\CodeIgniter->initialize()
#3 {main}
in SYSTEMPATH\CLI\CLI.php on line 872.
 1 [internal function]: CodeIgniter\Debug\Exceptions->shutdownHandler()
CRITICAL - 2023-02-28 12:54:15 --> The framework needs the following extension(s) installed and loaded: intl, mbstring.
in SYSTEMPATH\CodeIgniter.php on line 226.
 1 SYSTEMPATH\CodeIgniter.php(226): CodeIgniter\Exceptions\FrameworkException::forMissingExtension('intl, mbstring')
 2 SYSTEMPATH\CodeIgniter.php(190): CodeIgniter\CodeIgniter->resolvePlatformExtensions()
 3 ROOTPATH\spark(83): CodeIgniter\CodeIgniter->initialize()
CRITICAL - 2023-02-28 12:54:15 --> Uncaught Error: Call to undefined function CodeIgniter\CLI\mb_strpos() in C:\Users\leesha\web\codeIgniter-practice\system\CLI\CLI.php:872
Stack trace:
#0 C:\Users\leesha\web\codeIgniter-practice\system\CLI\CLI.php(161): CodeIgniter\CLI\CLI::parseCommandLine()
#1 C:\Users\leesha\web\codeIgniter-practice\system\CLI\CLI.php(1115): CodeIgniter\CLI\CLI::init()
#2 C:\Users\leesha\web\codeIgniter-practice\system\Autoloader\Autoloader.php(312): include_once('C:\\Users\\leesha...')
#3 C:\Users\leesha\web\codeIgniter-practice\system\Autoloader\Autoloader.php(289): CodeIgniter\Autoloader\Autoloader->includeFile('C:\\Users\\leesha...')
#4 C:\Users\leesha\web\codeIgniter-practice\system\Autoloader\Autoloader.php(267): CodeIgniter\Autoloader\Autoloader->loadInNamespace('CodeIgniter\\CLI...')
#5 C:\Users\leesha\web\codeIgniter-practice\app\Views\errors\cli\error_exception.php(6): CodeIgniter\Autoloader\Autoloader->loadClass('CodeIgniter\\CLI...')
#6 C:\Users\leesha\web\codeIgniter-practice\app\Views\errors\cli\production.php(5): include('C:\\Users\\leesha...')
#7 C:\Users\leesha\web\codeIgniter-practice\system\Debug\Exceptions.php(277): include('C:\\Users\\leesha...')
#8 C:\Users\leesha\web\codeIgniter-practice\system\Debug\Exceptions.php(280): CodeIgniter\Debug\Exceptions->CodeIgniter\Debug\{closure}()
#9 C:\Users\leesha\web\codeIgniter-practice\system\Debug\Exceptions.php(151): CodeIgniter\Debug\Exceptions->render(Object(CodeIgniter\Exceptions\FrameworkException), 500)
#10 [internal function]: CodeIgniter\Debug\Exceptions->exceptionHandler(Object(CodeIgniter\Exceptions\FrameworkException))
#11 {main}
  thrown
【Previous Exception】
CodeIgniter\Exceptions\FrameworkException
The framework needs the following extension(s) installed and loaded: intl, mbstring.
#0 C:\Users\leesha\web\codeIgniter-practice\system\CodeIgniter.php(226): CodeIgniter\Exceptions\FrameworkException::forMissingExtension('intl, mbstring')
#1 C:\Users\leesha\web\codeIgniter-practice\system\CodeIgniter.php(190): CodeIgniter\CodeIgniter->resolvePlatformExtensions()
#2 C:\Users\leesha\web\codeIgniter-practice\spark(83): CodeIgniter\CodeIgniter->initialize()
#3 {main}
in SYSTEMPATH\CLI\CLI.php on line 872.
 1 [internal function]: CodeIgniter\Debug\Exceptions->shutdownHandler()
CRITICAL - 2023-02-28 12:57:04 --> The framework needs the following extension(s) installed and loaded: intl, mbstring.
in SYSTEMPATH\CodeIgniter.php on line 226.
 1 SYSTEMPATH\CodeIgniter.php(226): CodeIgniter\Exceptions\FrameworkException::forMissingExtension('intl, mbstring')
 2 SYSTEMPATH\CodeIgniter.php(190): CodeIgniter\CodeIgniter->resolvePlatformExtensions()
 3 ROOTPATH\spark(83): CodeIgniter\CodeIgniter->initialize()
CRITICAL - 2023-02-28 12:57:04 --> Uncaught Error: Call to undefined function CodeIgniter\CLI\mb_strpos() in C:\Users\leesha\web\codeIgniter-practice\system\CLI\CLI.php:872
Stack trace:
#0 C:\Users\leesha\web\codeIgniter-practice\system\CLI\CLI.php(161): CodeIgniter\CLI\CLI::parseCommandLine()
#1 C:\Users\leesha\web\codeIgniter-practice\system\CLI\CLI.php(1115): CodeIgniter\CLI\CLI::init()
#2 C:\Users\leesha\web\codeIgniter-practice\system\Autoloader\Autoloader.php(312): include_once('C:\\Users\\leesha...')
#3 C:\Users\leesha\web\codeIgniter-practice\system\Autoloader\Autoloader.php(289): CodeIgniter\Autoloader\Autoloader->includeFile('C:\\Users\\leesha...')
#4 C:\Users\leesha\web\codeIgniter-practice\system\Autoloader\Autoloader.php(267): CodeIgniter\Autoloader\Autoloader->loadInNamespace('CodeIgniter\\CLI...')
#5 C:\Users\leesha\web\codeIgniter-practice\app\Views\errors\cli\error_exception.php(6): CodeIgniter\Autoloader\Autoloader->loadClass('CodeIgniter\\CLI...')
#6 C:\Users\leesha\web\codeIgniter-practice\app\Views\errors\cli\production.php(5): include('C:\\Users\\leesha...')
#7 C:\Users\leesha\web\codeIgniter-practice\system\Debug\Exceptions.php(277): include('C:\\Users\\leesha...')
#8 C:\Users\leesha\web\codeIgniter-practice\system\Debug\Exceptions.php(280): CodeIgniter\Debug\Exceptions->CodeIgniter\Debug\{closure}()
#9 C:\Users\leesha\web\codeIgniter-practice\system\Debug\Exceptions.php(151): CodeIgniter\Debug\Exceptions->render(Object(CodeIgniter\Exceptions\FrameworkException), 500)
#10 [internal function]: CodeIgniter\Debug\Exceptions->exceptionHandler(Object(CodeIgniter\Exceptions\FrameworkException))
#11 {main}
  thrown
【Previous Exception】
CodeIgniter\Exceptions\FrameworkException
The framework needs the following extension(s) installed and loaded: intl, mbstring.
#0 C:\Users\leesha\web\codeIgniter-practice\system\CodeIgniter.php(226): CodeIgniter\Exceptions\FrameworkException::forMissingExtension('intl, mbstring')
#1 C:\Users\leesha\web\codeIgniter-practice\system\CodeIgniter.php(190): CodeIgniter\CodeIgniter->resolvePlatformExtensions()
#2 C:\Users\leesha\web\codeIgniter-practice\spark(83): CodeIgniter\CodeIgniter->initialize()
#3 {main}
in SYSTEMPATH\CLI\CLI.php on line 872.
 1 [internal function]: CodeIgniter\Debug\Exceptions->shutdownHandler()
CRITICAL - 2023-02-28 12:57:05 --> The framework needs the following extension(s) installed and loaded: intl, mbstring.
in SYSTEMPATH\CodeIgniter.php on line 226.
 1 SYSTEMPATH\CodeIgniter.php(226): CodeIgniter\Exceptions\FrameworkException::forMissingExtension('intl, mbstring')
 2 SYSTEMPATH\CodeIgniter.php(190): CodeIgniter\CodeIgniter->resolvePlatformExtensions()
 3 ROOTPATH\spark(83): CodeIgniter\CodeIgniter->initialize()
CRITICAL - 2023-02-28 12:57:05 --> Uncaught Error: Call to undefined function CodeIgniter\CLI\mb_strpos() in C:\Users\leesha\web\codeIgniter-practice\system\CLI\CLI.php:872
Stack trace:
#0 C:\Users\leesha\web\codeIgniter-practice\system\CLI\CLI.php(161): CodeIgniter\CLI\CLI::parseCommandLine()
#1 C:\Users\leesha\web\codeIgniter-practice\system\CLI\CLI.php(1115): CodeIgniter\CLI\CLI::init()
#2 C:\Users\leesha\web\codeIgniter-practice\system\Autoloader\Autoloader.php(312): include_once('C:\\Users\\leesha...')
#3 C:\Users\leesha\web\codeIgniter-practice\system\Autoloader\Autoloader.php(289): CodeIgniter\Autoloader\Autoloader->includeFile('C:\\Users\\leesha...')
#4 C:\Users\leesha\web\codeIgniter-practice\system\Autoloader\Autoloader.php(267): CodeIgniter\Autoloader\Autoloader->loadInNamespace('CodeIgniter\\CLI...')
#5 C:\Users\leesha\web\codeIgniter-practice\app\Views\errors\cli\error_exception.php(6): CodeIgniter\Autoloader\Autoloader->loadClass('CodeIgniter\\CLI...')
#6 C:\Users\leesha\web\codeIgniter-practice\app\Views\errors\cli\production.php(5): include('C:\\Users\\leesha...')
#7 C:\Users\leesha\web\codeIgniter-practice\system\Debug\Exceptions.php(277): include('C:\\Users\\leesha...')
#8 C:\Users\leesha\web\codeIgniter-practice\system\Debug\Exceptions.php(280): CodeIgniter\Debug\Exceptions->CodeIgniter\Debug\{closure}()
#9 C:\Users\leesha\web\codeIgniter-practice\system\Debug\Exceptions.php(151): CodeIgniter\Debug\Exceptions->render(Object(CodeIgniter\Exceptions\FrameworkException), 500)
#10 [internal function]: CodeIgniter\Debug\Exceptions->exceptionHandler(Object(CodeIgniter\Exceptions\FrameworkException))
#11 {main}
  thrown
【Previous Exception】
CodeIgniter\Exceptions\FrameworkException
The framework needs the following extension(s) installed and loaded: intl, mbstring.
#0 C:\Users\leesha\web\codeIgniter-practice\system\CodeIgniter.php(226): CodeIgniter\Exceptions\FrameworkException::forMissingExtension('intl, mbstring')
#1 C:\Users\leesha\web\codeIgniter-practice\system\CodeIgniter.php(190): CodeIgniter\CodeIgniter->resolvePlatformExtensions()
#2 C:\Users\leesha\web\codeIgniter-practice\spark(83): CodeIgniter\CodeIgniter->initialize()
#3 {main}
in SYSTEMPATH\CLI\CLI.php on line 872.
 1 [internal function]: CodeIgniter\Debug\Exceptions->shutdownHandler()
