CRITICAL - 2023-03-15 12:05:39 --> Cannot access protected property CodeIgniter\HTTP\URI::$segments
in APPPATH\Controllers\Board.php on line 32.
 1 SYSTEMPATH\CodeIgniter.php(934): App\Controllers\Board->view('323')
 2 SYSTEMPATH\CodeIgniter.php(499): CodeIgniter\CodeIgniter->runController(Object(App\Controllers\Board))
 3 SYSTEMPATH\CodeIgniter.php(368): CodeIgniter\CodeIgniter->handleRequest(null, Object(Config\Cache), false)
 4 FCPATH\index.php(70): CodeIgniter\CodeIgniter->run()
CRITICAL - 2023-03-15 12:07:14 --> Call to a member function segment() on null
in APPPATH\Controllers\Board.php on line 32.
 1 SYSTEMPATH\CodeIgniter.php(934): App\Controllers\Board->view('323')
 2 SYSTEMPATH\CodeIgniter.php(499): CodeIgniter\CodeIgniter->runController(Object(App\Controllers\Board))
 3 SYSTEMPATH\CodeIgniter.php(368): CodeIgniter\CodeIgniter->handleRequest(null, Object(Config\Cache), false)
 4 FCPATH\index.php(70): CodeIgniter\CodeIgniter->run()
CRITICAL - 2023-03-15 12:08:49 --> Call to a member function segment() on null
in APPPATH\Controllers\Board.php on line 27.
 1 SYSTEMPATH\CodeIgniter.php(934): App\Controllers\Board->view('323')
 2 SYSTEMPATH\CodeIgniter.php(499): CodeIgniter\CodeIgniter->runController(Object(App\Controllers\Board))
 3 SYSTEMPATH\CodeIgniter.php(368): CodeIgniter\CodeIgniter->handleRequest(null, Object(Config\Cache), false)
 4 FCPATH\index.php(70): CodeIgniter\CodeIgniter->run()
CRITICAL - 2023-03-15 12:08:50 --> Call to a member function segment() on null
in APPPATH\Controllers\Board.php on line 27.
 1 SYSTEMPATH\CodeIgniter.php(934): App\Controllers\Board->view('323')
 2 SYSTEMPATH\CodeIgniter.php(499): CodeIgniter\CodeIgniter->runController(Object(App\Controllers\Board))
 3 SYSTEMPATH\CodeIgniter.php(368): CodeIgniter\CodeIgniter->handleRequest(null, Object(Config\Cache), false)
 4 FCPATH\index.php(70): CodeIgniter\CodeIgniter->run()
CRITICAL - 2023-03-15 12:08:56 --> Call to a member function segments() on null
in APPPATH\Controllers\Board.php on line 27.
 1 SYSTEMPATH\CodeIgniter.php(934): App\Controllers\Board->view('323')
 2 SYSTEMPATH\CodeIgniter.php(499): CodeIgniter\CodeIgniter->runController(Object(App\Controllers\Board))
 3 SYSTEMPATH\CodeIgniter.php(368): CodeIgniter\CodeIgniter->handleRequest(null, Object(Config\Cache), false)
 4 FCPATH\index.php(70): CodeIgniter\CodeIgniter->run()
CRITICAL - 2023-03-15 12:08:57 --> Call to a member function segments() on null
in APPPATH\Controllers\Board.php on line 27.
 1 SYSTEMPATH\CodeIgniter.php(934): App\Controllers\Board->view('323')
 2 SYSTEMPATH\CodeIgniter.php(499): CodeIgniter\CodeIgniter->runController(Object(App\Controllers\Board))
 3 SYSTEMPATH\CodeIgniter.php(368): CodeIgniter\CodeIgniter->handleRequest(null, Object(Config\Cache), false)
 4 FCPATH\index.php(70): CodeIgniter\CodeIgniter->run()
CRITICAL - 2023-03-15 12:08:57 --> Call to a member function segments() on null
in APPPATH\Controllers\Board.php on line 27.
 1 SYSTEMPATH\CodeIgniter.php(934): App\Controllers\Board->view('323')
 2 SYSTEMPATH\CodeIgniter.php(499): CodeIgniter\CodeIgniter->runController(Object(App\Controllers\Board))
 3 SYSTEMPATH\CodeIgniter.php(368): CodeIgniter\CodeIgniter->handleRequest(null, Object(Config\Cache), false)
 4 FCPATH\index.php(70): CodeIgniter\CodeIgniter->run()
CRITICAL - 2023-03-15 12:11:21 --> Call to a member function segments() on null
in APPPATH\Controllers\Board.php on line 27.
 1 SYSTEMPATH\CodeIgniter.php(934): App\Controllers\Board->view('323')
 2 SYSTEMPATH\CodeIgniter.php(499): CodeIgniter\CodeIgniter->runController(Object(App\Controllers\Board))
 3 SYSTEMPATH\CodeIgniter.php(368): CodeIgniter\CodeIgniter->handleRequest(null, Object(Config\Cache), false)
 4 FCPATH\index.php(70): CodeIgniter\CodeIgniter->run()
CRITICAL - 2023-03-15 12:11:21 --> Call to a member function segments() on null
in APPPATH\Controllers\Board.php on line 27.
 1 SYSTEMPATH\CodeIgniter.php(934): App\Controllers\Board->view('323')
 2 SYSTEMPATH\CodeIgniter.php(499): CodeIgniter\CodeIgniter->runController(Object(App\Controllers\Board))
 3 SYSTEMPATH\CodeIgniter.php(368): CodeIgniter\CodeIgniter->handleRequest(null, Object(Config\Cache), false)
 4 FCPATH\index.php(70): CodeIgniter\CodeIgniter->run()
CRITICAL - 2023-03-15 12:11:22 --> Call to a member function segments() on null
in APPPATH\Controllers\Board.php on line 27.
 1 SYSTEMPATH\CodeIgniter.php(934): App\Controllers\Board->view('323')
 2 SYSTEMPATH\CodeIgniter.php(499): CodeIgniter\CodeIgniter->runController(Object(App\Controllers\Board))
 3 SYSTEMPATH\CodeIgniter.php(368): CodeIgniter\CodeIgniter->handleRequest(null, Object(Config\Cache), false)
 4 FCPATH\index.php(70): CodeIgniter\CodeIgniter->run()
CRITICAL - 2023-03-15 12:11:32 --> Call to a member function segments() on null
in APPPATH\Controllers\Board.php on line 27.
 1 SYSTEMPATH\CodeIgniter.php(934): App\Controllers\Board->view('323')
 2 SYSTEMPATH\CodeIgniter.php(499): CodeIgniter\CodeIgniter->runController(Object(App\Controllers\Board))
 3 SYSTEMPATH\CodeIgniter.php(368): CodeIgniter\CodeIgniter->handleRequest(null, Object(Config\Cache), false)
 4 FCPATH\index.php(70): CodeIgniter\CodeIgniter->run()
CRITICAL - 2023-03-15 12:11:53 --> Call to a member function segments() on null
in APPPATH\Controllers\Board.php on line 27.
 1 SYSTEMPATH\CodeIgniter.php(934): App\Controllers\Board->view('323')
 2 SYSTEMPATH\CodeIgniter.php(499): CodeIgniter\CodeIgniter->runController(Object(App\Controllers\Board))
 3 SYSTEMPATH\CodeIgniter.php(368): CodeIgniter\CodeIgniter->handleRequest(null, Object(Config\Cache), false)
 4 FCPATH\index.php(70): CodeIgniter\CodeIgniter->run()
CRITICAL - 2023-03-15 12:11:54 --> Call to a member function segments() on null
in APPPATH\Controllers\Board.php on line 27.
 1 SYSTEMPATH\CodeIgniter.php(934): App\Controllers\Board->view('323')
 2 SYSTEMPATH\CodeIgniter.php(499): CodeIgniter\CodeIgniter->runController(Object(App\Controllers\Board))
 3 SYSTEMPATH\CodeIgniter.php(368): CodeIgniter\CodeIgniter->handleRequest(null, Object(Config\Cache), false)
 4 FCPATH\index.php(70): CodeIgniter\CodeIgniter->run()
CRITICAL - 2023-03-15 12:11:54 --> Call to a member function segments() on null
in APPPATH\Controllers\Board.php on line 27.
 1 SYSTEMPATH\CodeIgniter.php(934): App\Controllers\Board->view('323')
 2 SYSTEMPATH\CodeIgniter.php(499): CodeIgniter\CodeIgniter->runController(Object(App\Controllers\Board))
 3 SYSTEMPATH\CodeIgniter.php(368): CodeIgniter\CodeIgniter->handleRequest(null, Object(Config\Cache), false)
 4 FCPATH\index.php(70): CodeIgniter\CodeIgniter->run()
CRITICAL - 2023-03-15 12:11:54 --> Call to a member function segments() on null
in APPPATH\Controllers\Board.php on line 27.
 1 SYSTEMPATH\CodeIgniter.php(934): App\Controllers\Board->view('323')
 2 SYSTEMPATH\CodeIgniter.php(499): CodeIgniter\CodeIgniter->runController(Object(App\Controllers\Board))
 3 SYSTEMPATH\CodeIgniter.php(368): CodeIgniter\CodeIgniter->handleRequest(null, Object(Config\Cache), false)
 4 FCPATH\index.php(70): CodeIgniter\CodeIgniter->run()
CRITICAL - 2023-03-15 12:11:54 --> Call to a member function segments() on null
in APPPATH\Controllers\Board.php on line 27.
 1 SYSTEMPATH\CodeIgniter.php(934): App\Controllers\Board->view('323')
 2 SYSTEMPATH\CodeIgniter.php(499): CodeIgniter\CodeIgniter->runController(Object(App\Controllers\Board))
 3 SYSTEMPATH\CodeIgniter.php(368): CodeIgniter\CodeIgniter->handleRequest(null, Object(Config\Cache), false)
 4 FCPATH\index.php(70): CodeIgniter\CodeIgniter->run()
CRITICAL - 2023-03-15 12:11:54 --> Call to a member function segments() on null
in APPPATH\Controllers\Board.php on line 27.
 1 SYSTEMPATH\CodeIgniter.php(934): App\Controllers\Board->view('323')
 2 SYSTEMPATH\CodeIgniter.php(499): CodeIgniter\CodeIgniter->runController(Object(App\Controllers\Board))
 3 SYSTEMPATH\CodeIgniter.php(368): CodeIgniter\CodeIgniter->handleRequest(null, Object(Config\Cache), false)
 4 FCPATH\index.php(70): CodeIgniter\CodeIgniter->run()
CRITICAL - 2023-03-15 12:11:55 --> Call to a member function segments() on null
in APPPATH\Controllers\Board.php on line 27.
 1 SYSTEMPATH\CodeIgniter.php(934): App\Controllers\Board->view('323')
 2 SYSTEMPATH\CodeIgniter.php(499): CodeIgniter\CodeIgniter->runController(Object(App\Controllers\Board))
 3 SYSTEMPATH\CodeIgniter.php(368): CodeIgniter\CodeIgniter->handleRequest(null, Object(Config\Cache), false)
 4 FCPATH\index.php(70): CodeIgniter\CodeIgniter->run()
CRITICAL - 2023-03-15 12:11:56 --> Call to a member function segments() on null
in APPPATH\Controllers\Board.php on line 27.
 1 SYSTEMPATH\CodeIgniter.php(934): App\Controllers\Board->view('323')
 2 SYSTEMPATH\CodeIgniter.php(499): CodeIgniter\CodeIgniter->runController(Object(App\Controllers\Board))
 3 SYSTEMPATH\CodeIgniter.php(368): CodeIgniter\CodeIgniter->handleRequest(null, Object(Config\Cache), false)
 4 FCPATH\index.php(70): CodeIgniter\CodeIgniter->run()
CRITICAL - 2023-03-15 12:12:00 --> Call to a member function segments() on null
in APPPATH\Controllers\Board.php on line 27.
 1 SYSTEMPATH\CodeIgniter.php(934): App\Controllers\Board->view('323')
 2 SYSTEMPATH\CodeIgniter.php(499): CodeIgniter\CodeIgniter->runController(Object(App\Controllers\Board))
 3 SYSTEMPATH\CodeIgniter.php(368): CodeIgniter\CodeIgniter->handleRequest(null, Object(Config\Cache), false)
 4 FCPATH\index.php(70): CodeIgniter\CodeIgniter->run()
CRITICAL - 2023-03-15 12:12:19 --> Call to a member function segment() on null
in APPPATH\Controllers\Board.php on line 27.
 1 SYSTEMPATH\CodeIgniter.php(934): App\Controllers\Board->view('323')
 2 SYSTEMPATH\CodeIgniter.php(499): CodeIgniter\CodeIgniter->runController(Object(App\Controllers\Board))
 3 SYSTEMPATH\CodeIgniter.php(368): CodeIgniter\CodeIgniter->handleRequest(null, Object(Config\Cache), false)
 4 FCPATH\index.php(70): CodeIgniter\CodeIgniter->run()
CRITICAL - 2023-03-15 12:12:19 --> Call to a member function segment() on null
in APPPATH\Controllers\Board.php on line 27.
 1 SYSTEMPATH\CodeIgniter.php(934): App\Controllers\Board->view('323')
 2 SYSTEMPATH\CodeIgniter.php(499): CodeIgniter\CodeIgniter->runController(Object(App\Controllers\Board))
 3 SYSTEMPATH\CodeIgniter.php(368): CodeIgniter\CodeIgniter->handleRequest(null, Object(Config\Cache), false)
 4 FCPATH\index.php(70): CodeIgniter\CodeIgniter->run()
CRITICAL - 2023-03-15 12:12:19 --> Call to a member function segment() on null
in APPPATH\Controllers\Board.php on line 27.
 1 SYSTEMPATH\CodeIgniter.php(934): App\Controllers\Board->view('323')
 2 SYSTEMPATH\CodeIgniter.php(499): CodeIgniter\CodeIgniter->runController(Object(App\Controllers\Board))
 3 SYSTEMPATH\CodeIgniter.php(368): CodeIgniter\CodeIgniter->handleRequest(null, Object(Config\Cache), false)
 4 FCPATH\index.php(70): CodeIgniter\CodeIgniter->run()
CRITICAL - 2023-03-15 12:12:19 --> Call to a member function segment() on null
in APPPATH\Controllers\Board.php on line 27.
 1 SYSTEMPATH\CodeIgniter.php(934): App\Controllers\Board->view('323')
 2 SYSTEMPATH\CodeIgniter.php(499): CodeIgniter\CodeIgniter->runController(Object(App\Controllers\Board))
 3 SYSTEMPATH\CodeIgniter.php(368): CodeIgniter\CodeIgniter->handleRequest(null, Object(Config\Cache), false)
 4 FCPATH\index.php(70): CodeIgniter\CodeIgniter->run()
